<?xml version="1.0" encoding="UTF-8"?>
<!-- Generated by org.testng.reporters.JUnitReportReporter -->
<testsuite skipped="0" hostname="DESKTOP-VGJM6BL" name="com.nava.testCases.ShowTestCase" tests="1" failures="0" timestamp="2020-09-26T19:35:46 EDT" time="12.124" errors="0">
  <testcase name="myTest" time="12.124" classname="com.nava.testCases.ShowTestCase"/>
  <system-out/>
</testsuite> <!-- com.nava.testCases.ShowTestCase -->
