<?xml version="1.0" encoding="UTF-8"?>
<!-- Generated by org.testng.reporters.JUnitReportReporter -->
<<<<<<< HEAD
<testsuite skipped="0" hostname="DESKTOP-VGJM6BL" name="com.nava.testCases.ShowTestCase" tests="1" failures="0" timestamp="2020-09-26T19:35:46 EDT" time="12.124" errors="0">
  <testcase name="myTest" time="12.124" classname="com.nava.testCases.ShowTestCase"/>
=======
<testsuite skipped="0" hostname="DESKTOP-VGJM6BL" name="com.nava.testCases.ShowTestCase" tests="1" failures="0" timestamp="2020-08-02T16:08:33 EDT" time="12.622" errors="0">
  <testcase name="myTest" time="12.622" classname="com.nava.testCases.ShowTestCase"/>
>>>>>>> e487c9bc4be10c4ef3a8ea7e6f87286af92f3278
  <system-out/>
</testsuite> <!-- com.nava.testCases.ShowTestCase -->
