<?xml version="1.0" encoding="UTF-8"?>
<!-- Generated by org.testng.reporters.JUnitReportReporter -->
<testsuite skipped="0" hostname="DESKTOP-VGJM6BL" name="com.nava.testCases.ShowTestCase" tests="1" failures="0" timestamp="12 Jul 2020 02:15:09 GMT" time="14.842" errors="0">
  <testcase name="myTest" time="14.842" classname="com.nava.testCases.ShowTestCase"/>
</testsuite> <!-- com.nava.testCases.ShowTestCase -->
